16:02:15.138 [http-nio-8080-exec-1] INFO  - User 2 logged in
16:02:33.623 [http-nio-8080-exec-6] INFO  - Master (2 userId) received data
16:03:06.791 [http-nio-8080-exec-10] INFO  - Master (2 userId) received data
16:03:09.703 [http-nio-8080-exec-1] INFO  - Master (2 userId) received data
16:03:12.191 [http-nio-8080-exec-4] INFO  - Master (2 userId) received data
16:03:14.949 [http-nio-8080-exec-8] INFO  - Master (2 userId) received data
16:03:16.448 [http-nio-8080-exec-10] INFO  - Master (2 userId) received data
16:03:17.752 [http-nio-8080-exec-1] INFO  - Master (2 userId) received data
16:03:19.202 [http-nio-8080-exec-6] INFO  - Master (2 userId) received data
16:03:20.459 [http-nio-8080-exec-8] INFO  - Master (2 userId) received data
16:04:56.025 [http-nio-8080-exec-10] INFO  - User 2 logged in
16:05:05.056 [http-nio-8080-exec-3] INFO  - Master (2 userId) received data
16:08:18.831 [http-nio-8080-exec-9] INFO  - Master (2 userId) received data
16:09:59.825 [http-nio-8080-exec-6] INFO  - Master (2 userId) received data
16:15:12.070 [http-nio-8080-exec-1] INFO  - Master (2 userId) received data
16:15:54.996 [http-nio-8080-exec-5] INFO  - Master (2 userId) received data
16:25:47.658 [http-nio-8080-exec-2] INFO  - Master (2 userId) received data
16:52:09.267 [http-nio-8080-exec-1] INFO  - User 2 logged in
16:52:17.810 [http-nio-8080-exec-5] INFO  - Master (2 userId) received data
16:52:23.143 [http-nio-8080-exec-6] INFO  - Master (2 userId) received data
16:52:25.138 [http-nio-8080-exec-1] INFO  - Master (2 userId) received data
16:52:29.604 [http-nio-8080-exec-4] INFO  - Master (2 userId) received data
16:52:31.909 [http-nio-8080-exec-5] INFO  - Master (2 userId) received data
16:52:33.343 [http-nio-8080-exec-6] INFO  - Master (2 userId) received data
16:52:38.513 [http-nio-8080-exec-1] INFO  - Master (2 userId) received data
16:52:42.531 [http-nio-8080-exec-4] INFO  - Master (2 userId) received data
16:55:14.231 [http-nio-8080-exec-3] INFO  - User 1 logged in
16:57:17.296 [http-nio-8080-exec-7] INFO  - Admin (1 userId) received data
16:57:32.540 [http-nio-8080-exec-3] INFO  - Update data in table orders. Id - 6
16:57:32.541 [http-nio-8080-exec-3] INFO  - Admin 1 update 6 order.
16:57:32.702 [http-nio-8080-exec-3] INFO  - Admin (1 userId) received data
16:57:38.452 [http-nio-8080-exec-5] INFO  - User 1 logged out
16:57:46.497 [http-nio-8080-exec-1] INFO  - User 2 logged in
16:57:50.643 [http-nio-8080-exec-5] INFO  - Master (2 userId) received data
16:57:56.840 [http-nio-8080-exec-7] INFO  - Master (2 userId) received data
16:59:10.383 [http-nio-8080-exec-7] INFO  - User 2 logged in
16:59:28.169 [http-nio-8080-exec-1] INFO  - Master (2 userId) received data
17:00:15.692 [http-nio-8080-exec-3] INFO  - Master (2 userId) received data
17:00:27.135 [http-nio-8080-exec-7] INFO  - Master (2 userId) received data
17:00:37.278 [http-nio-8080-exec-9] INFO  - Master (2 userId) received data
17:01:52.176 [http-nio-8080-exec-3] INFO  - User 2 logged in
17:01:56.636 [http-nio-8080-exec-5] INFO  - Master (2 userId) received data
17:01:59.497 [http-nio-8080-exec-7] INFO  - Master (2 userId) received data
17:02:01.227 [http-nio-8080-exec-9] INFO  - Master (2 userId) received data
17:02:05.567 [http-nio-8080-exec-2] INFO  - Master (2 userId) received data
17:02:07.355 [http-nio-8080-exec-4] INFO  - Master (2 userId) received data
17:02:09.364 [http-nio-8080-exec-6] INFO  - Master (2 userId) received data
17:07:32.798 [http-nio-8080-exec-8] INFO  - User 2 logged in
17:07:42.570 [http-nio-8080-exec-9] INFO  - Master (2 userId) received data
17:07:51.388 [http-nio-8080-exec-3] INFO  - Master (2 userId) received data
17:07:54.952 [http-nio-8080-exec-5] INFO  - Master (2 userId) received data
17:07:58.373 [http-nio-8080-exec-6] INFO  - Master (2 userId) received data
17:08:00.002 [http-nio-8080-exec-10] INFO  - Master (2 userId) received data
17:08:01.546 [http-nio-8080-exec-1] INFO  - Master (2 userId) received data
17:08:02.565 [http-nio-8080-exec-2] INFO  - Master (2 userId) received data
17:08:05.890 [http-nio-8080-exec-5] INFO  - Master (2 userId) received data
17:08:10.960 [http-nio-8080-exec-6] INFO  - Master (2 userId) received data
17:10:20.637 [http-nio-8080-exec-6] INFO  - User 2 logged in
17:10:29.427 [http-nio-8080-exec-8] INFO  - Master (2 userId) received data
17:10:34.132 [http-nio-8080-exec-10] INFO  - Master (2 userId) received data
17:10:36.055 [http-nio-8080-exec-2] INFO  - Master (2 userId) received data
17:10:38.306 [http-nio-8080-exec-4] INFO  - Master (2 userId) received data
17:10:43.103 [http-nio-8080-exec-8] INFO  - Master (2 userId) received data
17:10:49.611 [http-nio-8080-exec-10] INFO  - Master (2 userId) received data
17:10:51.544 [http-nio-8080-exec-4] INFO  - Master (2 userId) received data
17:10:52.855 [http-nio-8080-exec-6] INFO  - Master (2 userId) received data
17:10:54.075 [http-nio-8080-exec-8] INFO  - Master (2 userId) received data
17:11:13.556 [http-nio-8080-exec-2] INFO  - Master (2 userId) received data
17:11:18.836 [http-nio-8080-exec-5] INFO  - Master (2 userId) received data
17:11:19.800 [http-nio-8080-exec-7] INFO  - Master (2 userId) received data
17:11:20.892 [http-nio-8080-exec-1] INFO  - Master (2 userId) received data
17:11:21.861 [http-nio-8080-exec-2] INFO  - Master (2 userId) received data
17:11:23.407 [http-nio-8080-exec-5] INFO  - User 2 logged out
17:11:34.661 [http-nio-8080-exec-9] INFO  - User 2 logged in
17:11:39.203 [http-nio-8080-exec-1] INFO  - Master (2 userId) received data
17:11:42.304 [http-nio-8080-exec-5] INFO  - User 2 logged out
17:23:03.882 [http-nio-8080-exec-9] INFO  - User 2 logged in
17:23:08.230 [http-nio-8080-exec-1] INFO  - Master (2 userId) received data
17:23:09.999 [http-nio-8080-exec-4] INFO  - Master (2 userId) received data
17:23:10.851 [http-nio-8080-exec-6] INFO  - Master (2 userId) received data
17:23:11.616 [http-nio-8080-exec-9] INFO  - Master (2 userId) received data
17:23:14.231 [http-nio-8080-exec-6] INFO  - Master (2 userId) received data
17:23:14.943 [http-nio-8080-exec-7] INFO  - Master (2 userId) received data
17:23:15.619 [http-nio-8080-exec-9] INFO  - User 2 logged out
17:23:23.201 [http-nio-8080-exec-4] INFO  - User 2 logged in
17:26:15.366 [http-nio-8080-exec-8] INFO  - Master (2 userId) received data
17:33:37.889 [http-nio-8080-exec-7] INFO  - User 2 logged in
17:33:47.496 [http-nio-8080-exec-2] INFO  - Master (2 userId) received data
17:36:18.764 [http-nio-8080-exec-6] INFO  - User 2 logged in
17:36:22.558 [http-nio-8080-exec-8] INFO  - Master (2 userId) received data
17:36:25.046 [http-nio-8080-exec-1] INFO  - Master (2 userId) received data
17:36:26.519 [http-nio-8080-exec-4] INFO  - Master (2 userId) received data
17:36:30.794 [http-nio-8080-exec-5] INFO  - Master (2 userId) received data
17:36:34.518 [http-nio-8080-exec-8] INFO  - Master (2 userId) received data
17:36:37.065 [http-nio-8080-exec-1] INFO  - Master (2 userId) received data
17:48:12.868 [http-nio-8080-exec-7] INFO  - User 2 logged in
17:48:17.324 [http-nio-8080-exec-9] INFO  - Master (2 userId) received data
17:48:24.234 [http-nio-8080-exec-2] INFO  - Master (2 userId) received data
17:48:25.800 [http-nio-8080-exec-3] INFO  - Master (2 userId) received data
17:48:28.341 [http-nio-8080-exec-5] INFO  - Master (2 userId) received data
17:48:30.831 [http-nio-8080-exec-9] INFO  - Master (2 userId) received data
17:48:32.310 [http-nio-8080-exec-2] INFO  - Master (2 userId) received data
17:48:35.288 [http-nio-8080-exec-3] INFO  - Master (2 userId) received data
17:48:37.463 [http-nio-8080-exec-5] INFO  - Master (2 userId) received data
17:48:38.445 [http-nio-8080-exec-7] INFO  - Master (2 userId) received data
17:48:42.172 [http-nio-8080-exec-10] INFO  - Master (2 userId) received data
17:48:44.848 [http-nio-8080-exec-1] INFO  - Master (2 userId) received data
17:48:51.295 [http-nio-8080-exec-10] INFO  - Master (2 userId) received data
17:48:56.478 [http-nio-8080-exec-1] INFO  - Master (2 userId) received data
17:49:04.225 [http-nio-8080-exec-6] INFO  - Master (2 userId) received data
17:49:05.459 [http-nio-8080-exec-7] INFO  - Master (2 userId) received data
17:49:37.090 [http-nio-8080-exec-3] INFO  - Master (2 userId) received data
17:49:43.314 [http-nio-8080-exec-8] INFO  - Master (2 userId) received data
17:49:45.006 [http-nio-8080-exec-9] INFO  - Master (2 userId) received data
17:49:59.121 [http-nio-8080-exec-3] INFO  - Master (2 userId) received data
17:51:18.869 [http-nio-8080-exec-8] INFO  - Master (2 userId) received data
17:51:28.710 [http-nio-8080-exec-3] INFO  - User 2 logged out
17:51:37.250 [http-nio-8080-exec-8] INFO  - User 2 logged in
17:51:41.024 [http-nio-8080-exec-9] INFO  - Master (2 userId) received data
17:51:45.261 [http-nio-8080-exec-3] INFO  - Master (2 userId) received data
17:52:22.852 [http-nio-8080-exec-7] INFO  - User 2 logged out
17:52:28.793 [http-nio-8080-exec-2] INFO  - User 2 logged in
17:52:32.603 [http-nio-8080-exec-5] INFO  - Master (2 userId) received data
17:52:36.775 [http-nio-8080-exec-7] INFO  - Master (2 userId) received data
17:52:41.779 [http-nio-8080-exec-10] INFO  - Master (2 userId) received data
18:02:15.269 [http-nio-8080-exec-6] INFO  - User 2 logged in
18:04:24.619 [http-nio-8080-exec-5] INFO  - User 2 logged in
18:04:30.435 [http-nio-8080-exec-7] INFO  - Master (2 userId) received data
18:04:38.446 [http-nio-8080-exec-10] INFO  - Master (2 userId) received data
18:04:43.534 [http-nio-8080-exec-2] INFO  - Master (2 userId) received data
18:04:45.471 [http-nio-8080-exec-4] INFO  - Master (2 userId) received data
18:04:49.885 [http-nio-8080-exec-6] INFO  - Master (2 userId) received data
18:04:53.194 [http-nio-8080-exec-8] INFO  - Master (2 userId) received data
18:04:57.120 [http-nio-8080-exec-10] INFO  - Master (2 userId) received data
18:04:58.648 [http-nio-8080-exec-2] INFO  - Master (2 userId) received data
18:04:59.772 [http-nio-8080-exec-4] INFO  - Master (2 userId) received data
18:05:00.503 [http-nio-8080-exec-7] INFO  - Master (2 userId) received data
18:05:02.009 [http-nio-8080-exec-9] INFO  - Master (2 userId) received data
18:05:05.644 [http-nio-8080-exec-1] INFO  - Master (2 userId) received data
18:05:08.312 [http-nio-8080-exec-3] INFO  - User 2 logged out
18:26:44.943 [http-nio-8080-exec-3] INFO  - User 1 logged in
18:26:48.102 [http-nio-8080-exec-5] INFO  - Admin (1 userId) received data
20:11:14.508 [http-nio-8080-exec-8] INFO  - User 1 logged in
20:11:17.889 [http-nio-8080-exec-9] INFO  - Admin (1 userId) received data
20:11:52.206 [http-nio-8080-exec-4] INFO  - Admin (1 userId) received data
20:11:54.251 [http-nio-8080-exec-6] INFO  - Admin (1 userId) received data
20:51:30.959 [http-nio-8080-exec-5] INFO  - User 1 logged in
20:51:32.783 [http-nio-8080-exec-7] INFO  - Admin (1 userId) received data
20:52:13.230 [http-nio-8080-exec-1] INFO  - Admin (1 userId) received data
20:52:19.597 [http-nio-8080-exec-3] INFO  - Admin (1 userId) received data
20:52:27.018 [http-nio-8080-exec-9] INFO  - Admin (1 userId) received data
20:52:32.986 [http-nio-8080-exec-10] INFO  - Admin (1 userId) received data
20:52:38.347 [http-nio-8080-exec-3] INFO  - Admin (1 userId) received data
20:54:38.827 [http-nio-8080-exec-4] INFO  - User 1 logged in
20:54:41.222 [http-nio-8080-exec-8] INFO  - Admin (1 userId) received data
20:54:59.632 [http-nio-8080-exec-2] INFO  - Admin (1 userId) received data
20:55:35.768 [http-nio-8080-exec-4] INFO  - Admin (1 userId) received data
20:55:38.378 [http-nio-8080-exec-8] INFO  - Admin (1 userId) received data
20:55:42.475 [http-nio-8080-exec-10] INFO  - Admin (1 userId) received data
20:55:50.631 [http-nio-8080-exec-5] INFO  - User 1 logged out
20:55:59.939 [http-nio-8080-exec-1] INFO  - User 1 logged in
20:57:12.020 [http-nio-8080-exec-5] INFO  - User 1 logged in
21:01:58.295 [http-nio-8080-exec-5] INFO  - User 1 logged in
21:03:06.074 [http-nio-8080-exec-9] INFO  - Admin (1 userId) received data
21:04:04.053 [http-nio-8080-exec-2] INFO  - Admin (1 userId) received data
21:04:15.247 [http-nio-8080-exec-6] INFO  - Admin (1 userId) received data
21:13:18.974 [http-nio-8080-exec-6] INFO  - User 1 logged in
21:13:22.886 [http-nio-8080-exec-8] INFO  - Admin (1 userId) received data
21:13:34.790 [http-nio-8080-exec-1] INFO  - Admin (1 userId) received data
21:13:43.319 [http-nio-8080-exec-3] INFO  - Admin (1 userId) received data
21:13:46.697 [http-nio-8080-exec-5] INFO  - Admin (1 userId) received data
21:13:54.115 [http-nio-8080-exec-7] INFO  - Admin (1 userId) received data
21:17:17.510 [http-nio-8080-exec-5] INFO  - Admin (1 userId) received data
21:17:38.588 [http-nio-8080-exec-10] INFO  - Admin (1 userId) received data
21:17:46.546 [http-nio-8080-exec-7] INFO  - Admin (1 userId) received data
21:23:09.759 [http-nio-8080-exec-2] INFO  - Admin (1 userId) received data
21:24:41.656 [http-nio-8080-exec-7] INFO  - Admin (1 userId) received data
21:28:34.848 [http-nio-8080-exec-5] INFO  - Admin (1 userId) received data
21:28:35.718 [http-nio-8080-exec-7] INFO  - Admin (1 userId) received data
21:32:22.792 [http-nio-8080-exec-5] INFO  - User 1 logged in
21:32:24.265 [http-nio-8080-exec-7] INFO  - Admin (1 userId) received data
21:32:31.391 [http-nio-8080-exec-9] INFO  - Admin (1 userId) received data
21:32:32.451 [http-nio-8080-exec-1] INFO  - Admin (1 userId) received data
21:32:34.282 [http-nio-8080-exec-3] INFO  - Admin (1 userId) received data
21:32:36.902 [http-nio-8080-exec-5] INFO  - Admin (1 userId) received data
21:32:57.739 [http-nio-8080-exec-9] INFO  - User 1 logged out
21:33:04.985 [http-nio-8080-exec-1] INFO  - User 1 logged in
21:34:01.030 [http-nio-8080-exec-5] INFO  - User 1 logged in
21:34:02.527 [http-nio-8080-exec-7] INFO  - Admin (1 userId) received data
21:34:11.310 [http-nio-8080-exec-9] INFO  - Admin (1 userId) received data
21:34:13.758 [http-nio-8080-exec-2] INFO  - Admin (1 userId) received data
21:34:15.689 [http-nio-8080-exec-4] INFO  - Admin (1 userId) received data
21:34:31.884 [http-nio-8080-exec-6] INFO  - Admin (1 userId) received data
21:34:46.094 [http-nio-8080-exec-9] INFO  - Admin (1 userId) received data
21:34:50.463 [http-nio-8080-exec-2] INFO  - Admin (1 userId) received data
21:34:57.995 [http-nio-8080-exec-5] INFO  - Admin (1 userId) received data
11:11:36.017 [http-nio-8080-exec-5] INFO  - User 2 logged in
11:11:50.213 [http-nio-8080-exec-2] INFO  - Master (2 userId) received data
11:11:56.036 [http-nio-8080-exec-5] INFO  - Master (2 userId) received data
11:11:59.574 [http-nio-8080-exec-9] INFO  - Master (2 userId) received data
11:12:00.803 [http-nio-8080-exec-2] INFO  - Master (2 userId) received data
11:12:04.485 [http-nio-8080-exec-4] INFO  - Master (2 userId) received data
11:12:29.424 [http-nio-8080-exec-1] INFO  - Master (2 userId) received data
11:12:32.762 [http-nio-8080-exec-6] INFO  - Master (2 userId) received data
11:12:49.536 [http-nio-8080-exec-7] INFO  - Master (2 userId) received data
11:12:53.784 [http-nio-8080-exec-4] INFO  - User 2 logged out
11:13:00.364 [http-nio-8080-exec-6] INFO  - User 2 logged in
11:13:05.668 [http-nio-8080-exec-7] INFO  - Master (2 userId) received data
11:13:10.581 [http-nio-8080-exec-3] INFO  - Master (2 userId) received data
11:13:11.837 [http-nio-8080-exec-6] INFO  - Master (2 userId) received data
11:13:48.978 [http-nio-8080-exec-7] INFO  - User 2 logged out
11:13:54.509 [http-nio-8080-exec-3] INFO  - User 1 logged in
11:13:55.967 [http-nio-8080-exec-10] INFO  - Admin (1 userId) received data
11:14:08.828 [http-nio-8080-exec-5] INFO  - Admin (1 userId) received data
11:14:10.540 [http-nio-8080-exec-9] INFO  - Admin (1 userId) received data
11:14:13.650 [http-nio-8080-exec-1] INFO  - Admin (1 userId) received data
11:14:19.298 [http-nio-8080-exec-5] INFO  - Admin (1 userId) received data
11:15:54.222 [http-nio-8080-exec-3] INFO  - Admin (1 userId) received data
11:15:57.501 [http-nio-8080-exec-10] INFO  - Admin (1 userId) received data
11:16:04.201 [http-nio-8080-exec-4] INFO  - Admin (1 userId) received data
11:16:10.128 [http-nio-8080-exec-2] INFO  - Admin (1 userId) received data
11:52:52.400 [http-nio-8080-exec-5] INFO  - User 1 logged in
11:54:59.668 [http-nio-8080-exec-6] INFO  - User 1 logged in
11:55:14.213 [http-nio-8080-exec-7] INFO  - Admin (1 userId) received data
11:56:35.839 [http-nio-8080-exec-10] INFO  - Admin (1 userId) received data
12:02:30.252 [http-nio-8080-exec-5] INFO  - User 1 logged in
12:02:54.034 [http-nio-8080-exec-2] INFO  - Admin (1 userId) received data
12:11:01.751 [http-nio-8080-exec-6] INFO  - Admin (1 userId) received data
12:14:41.909 [http-nio-8080-exec-3] INFO  - User 1 logged in
12:14:43.651 [http-nio-8080-exec-5] INFO  - Admin (1 userId) received data
12:14:47.405 [http-nio-8080-exec-7] INFO  - Admin (1 userId) received data
12:14:49.509 [http-nio-8080-exec-9] INFO  - Admin (1 userId) received data
12:14:52.097 [http-nio-8080-exec-5] INFO  - Admin (1 userId) received data
12:14:55.759 [http-nio-8080-exec-7] INFO  - Admin (1 userId) received data
12:16:38.469 [http-nio-8080-exec-1] INFO  - Admin (1 userId) received data
12:16:41.946 [http-nio-8080-exec-7] INFO  - Admin (1 userId) received data
12:16:52.596 [http-nio-8080-exec-1] INFO  - Admin (1 userId) received data
12:16:59.468 [http-nio-8080-exec-3] INFO  - User 1 logged out
12:17:04.988 [http-nio-8080-exec-7] INFO  - User 1 logged in
12:17:06.483 [http-nio-8080-exec-9] INFO  - Admin (1 userId) received data
12:25:11.630 [http-nio-8080-exec-6] INFO  - User 1 logged in
12:25:13.387 [http-nio-8080-exec-8] INFO  - Admin (1 userId) received data
12:25:18.316 [http-nio-8080-exec-10] INFO  - Admin (1 userId) received data
12:25:19.417 [http-nio-8080-exec-2] INFO  - Admin (1 userId) received data
12:25:22.751 [http-nio-8080-exec-4] INFO  - Admin (1 userId) received data
12:25:25.832 [http-nio-8080-exec-8] INFO  - Admin (1 userId) received data
12:25:33.485 [http-nio-8080-exec-1] INFO  - Admin (1 userId) received data
12:25:36.968 [http-nio-8080-exec-3] INFO  - Admin (1 userId) received data
12:25:41.288 [http-nio-8080-exec-5] INFO  - Admin (1 userId) received data
12:25:46.633 [http-nio-8080-exec-9] INFO  - Admin (1 userId) received data
12:30:48.469 [http-nio-8080-exec-7] INFO  - User 1 logged in
12:31:21.640 [http-nio-8080-exec-9] INFO  - Admin (1 userId) received data
12:33:07.394 [http-nio-8080-exec-3] INFO  - Admin (1 userId) received data
12:35:49.889 [http-nio-8080-exec-7] INFO  - User 1 logged in
12:35:56.557 [http-nio-8080-exec-2] INFO  - Admin (1 userId) received data
12:35:59.369 [http-nio-8080-exec-3] INFO  - Admin (1 userId) received data
12:36:02.729 [http-nio-8080-exec-6] INFO  - Admin (1 userId) received data
12:36:08.567 [http-nio-8080-exec-10] INFO  - Admin (1 userId) received data
12:36:12.184 [http-nio-8080-exec-5] INFO  - Admin (1 userId) received data
12:36:16.144 [http-nio-8080-exec-2] INFO  - Admin (1 userId) received data
12:36:21.866 [http-nio-8080-exec-3] INFO  - Admin (1 userId) received data
12:36:25.047 [http-nio-8080-exec-9] INFO  - Admin (1 userId) received data
12:36:29.528 [http-nio-8080-exec-8] INFO  - Admin (1 userId) received data
12:38:50.050 [http-nio-8080-exec-5] INFO  - User 1 logged in
12:38:58.437 [http-nio-8080-exec-9] INFO  - Admin (1 userId) received data
12:40:04.093 [http-nio-8080-exec-3] INFO  - Admin (1 userId) received data
12:40:46.315 [http-nio-8080-exec-5] INFO  - Admin (1 userId) received data
12:41:22.835 [http-nio-8080-exec-2] INFO  - Admin (1 userId) received data
12:41:41.233 [http-nio-8080-exec-6] INFO  - Admin (1 userId) received data
12:41:58.390 [http-nio-8080-exec-9] INFO  - Admin (1 userId) received data
12:45:04.589 [http-nio-8080-exec-7] INFO  - User 1 logged in
12:45:05.967 [http-nio-8080-exec-9] INFO  - Admin (1 userId) received data
12:45:10.493 [http-nio-8080-exec-2] INFO  - Admin (1 userId) received data
12:45:14.213 [http-nio-8080-exec-5] INFO  - Admin (1 userId) received data
12:52:21.048 [http-nio-8080-exec-3] INFO  - Admin (1 userId) received data
12:52:23.874 [http-nio-8080-exec-4] INFO  - Admin (1 userId) received data
12:52:27.226 [http-nio-8080-exec-8] INFO  - Admin (1 userId) received data
12:53:05.112 [http-nio-8080-exec-6] INFO  - User 1 logged out
12:53:12.597 [http-nio-8080-exec-5] INFO  - User 9 logged in
12:54:40.326 [http-nio-8080-exec-9] INFO  - Insert new data in table orders. Id - 8
12:54:40.327 [http-nio-8080-exec-9] INFO  - User (9 userId) made new recording (8 orderId).
12:55:17.786 [http-nio-8080-exec-10] INFO  - Insert new data in table orders. Id - 9
12:55:17.786 [http-nio-8080-exec-10] INFO  - User (9 userId) made new recording (9 orderId).
13:02:59.198 [http-nio-8080-exec-4] INFO  - User 1 logged in
13:03:01.465 [http-nio-8080-exec-6] INFO  - Admin (1 userId) received data
13:03:08.508 [http-nio-8080-exec-8] INFO  - Delete data in table orders. Id - 8
13:03:08.509 [http-nio-8080-exec-8] INFO  - Admin 1 deleted 8 order.
13:03:08.912 [http-nio-8080-exec-8] INFO  - Admin (1 userId) received data
13:03:11.271 [http-nio-8080-exec-10] INFO  - Delete data in table orders. Id - 9
13:03:11.272 [http-nio-8080-exec-10] INFO  - Admin 1 deleted 9 order.
13:03:11.489 [http-nio-8080-exec-10] INFO  - Admin (1 userId) received data
13:03:15.394 [http-nio-8080-exec-3] INFO  - User 1 logged out
13:03:21.495 [http-nio-8080-exec-6] INFO  - User 9 logged in
13:05:13.147 [http-nio-8080-exec-1] INFO  - Insert new data in table orders. Id - 10
13:05:15.935 [http-nio-8080-exec-1] INFO  - User (9 userId) made new recording (10 orderId).
13:33:10.673 [http-nio-8080-exec-6] INFO  - User 1 logged in
13:33:25.340 [http-nio-8080-exec-9] INFO  - Admin (1 userId) received data
13:33:34.077 [http-nio-8080-exec-1] INFO  - User 1 logged out
13:33:38.744 [http-nio-8080-exec-3] INFO  - User 9 logged in
13:34:39.811 [http-nio-8080-exec-6] INFO  - User 9 logged out
13:34:46.507 [http-nio-8080-exec-8] INFO  - User 1 logged in
13:34:48.120 [http-nio-8080-exec-10] INFO  - Admin (1 userId) received data
13:48:31.528 [http-nio-8080-exec-5] INFO  - User 1 logged in
13:48:33.619 [http-nio-8080-exec-7] INFO  - Admin (1 userId) received data
13:48:42.705 [http-nio-8080-exec-9] INFO  - Admin (1 userId) received data
13:48:44.682 [http-nio-8080-exec-1] INFO  - Admin (1 userId) received data
13:49:56.425 [http-nio-8080-exec-8] INFO  - Admin (1 userId) received data
13:49:58.708 [http-nio-8080-exec-10] INFO  - Admin (1 userId) received data
13:50:00.611 [http-nio-8080-exec-2] INFO  - Admin (1 userId) received data
13:55:17.847 [http-nio-8080-exec-4] INFO  - User 1 logged in
13:56:15.692 [http-nio-8080-exec-7] INFO  - Admin (1 userId) received data
13:59:58.377 [http-nio-8080-exec-4] INFO  - User 1 logged in
14:00:00.002 [http-nio-8080-exec-6] INFO  - Admin (1 userId) received data
14:00:51.976 [http-nio-8080-exec-1] INFO  - Admin (1 userId) received data
14:00:54.567 [http-nio-8080-exec-5] INFO  - Admin (1 userId) received data
14:05:22.129 [http-nio-8080-exec-1] INFO  - Update data in table orders. Id - 10
14:05:22.129 [http-nio-8080-exec-1] INFO  - Admin 1 update 10 order.
14:05:22.384 [http-nio-8080-exec-1] INFO  - Admin (1 userId) received data
14:08:20.606 [http-nio-8080-exec-6] INFO  - Admin (1 userId) received data
14:08:24.806 [http-nio-8080-exec-1] INFO  - Admin (1 userId) received data
14:08:27.618 [http-nio-8080-exec-3] INFO  - Admin (1 userId) received data
14:08:36.490 [http-nio-8080-exec-5] INFO  - Admin (1 userId) received data
14:08:44.411 [http-nio-8080-exec-8] INFO  - Admin (1 userId) received data
14:08:52.772 [http-nio-8080-exec-1] INFO  - User 1 logged out
14:32:20.184 [http-nio-8080-exec-1] INFO  - User 1 logged in
14:32:22.961 [http-nio-8080-exec-3] INFO  - Admin (1 userId) received data
14:32:32.419 [http-nio-8080-exec-7] INFO  - Admin (1 userId) received data
14:32:42.341 [http-nio-8080-exec-1] INFO  - Admin (1 userId) received data
14:36:28.766 [http-nio-8080-exec-5] INFO  - Admin (1 userId) received data
14:36:29.876 [http-nio-8080-exec-7] INFO  - Admin (1 userId) received data
14:36:55.235 [http-nio-8080-exec-1] INFO  - User 1 logged out
20:08:56.435 [http-nio-8080-exec-7] INFO  - User 1 logged in
20:08:58.254 [http-nio-8080-exec-9] INFO  - Admin (1 userId) received data
20:09:03.395 [http-nio-8080-exec-2] INFO  - Admin (1 userId) received data
20:09:05.260 [http-nio-8080-exec-4] INFO  - Admin (1 userId) received data
20:22:05.014 [http-nio-8080-exec-2] INFO  - User 1 logged in
20:22:06.807 [http-nio-8080-exec-3] INFO  - Admin (1 userId) received data
20:27:08.935 [http-nio-8080-exec-8] INFO  - Update data in table orders. Id - 6
20:27:08.936 [http-nio-8080-exec-8] INFO  - Admin 1 update 6 order.
20:27:09.146 [http-nio-8080-exec-8] INFO  - Admin (1 userId) received data
20:27:29.626 [http-nio-8080-exec-4] INFO  - User 1 logged out
20:27:39.776 [http-nio-8080-exec-5] INFO  - User 9 logged in
20:28:03.521 [http-nio-8080-exec-10] INFO  - Insert new data in table comment. Id - 2
20:28:03.522 [http-nio-8080-exec-10] INFO  - User 9 left a comment 10 order.
20:28:07.180 [http-nio-8080-exec-2] INFO  - Delete data in table comment. Id - 2
20:28:07.303 [http-nio-8080-exec-2] INFO  - Insert new data in table comment. Id - 3
20:28:07.304 [http-nio-8080-exec-2] INFO  - User 9 left a comment 10 order.
20:28:10.187 [http-nio-8080-exec-3] INFO  - Delete data in table comment. Id - 3
20:28:10.255 [http-nio-8080-exec-3] INFO  - Insert new data in table comment. Id - 4
20:28:10.256 [http-nio-8080-exec-3] INFO  - User 9 left a comment 10 order.
20:28:14.749 [http-nio-8080-exec-7] INFO  - Insert new data in table comment. Id - 5
20:28:14.750 [http-nio-8080-exec-7] INFO  - User 9 left a comment 6 order.
20:28:45.929 [http-nio-8080-exec-3] INFO  - User 9 logged out
20:29:33.922 [http-nio-8080-exec-2] INFO  - User 2 logged in
20:33:12.766 [http-nio-8080-exec-3] INFO  - User 9 logged in
20:38:21.553 [http-nio-8080-exec-10] INFO  - User 9 logged out
21:06:05.919 [http-nio-8080-exec-7] INFO  - User 9 logged in
21:15:59.372 [http-nio-8080-exec-9] INFO  - User 9 logged in
21:16:07.055 [http-nio-8080-exec-3] INFO  - Update data in table user. Id - 9
21:16:07.055 [http-nio-8080-exec-3] INFO  - User (9 userId) update own profile.
21:16:59.757 [http-nio-8080-exec-10] INFO  - Insert new data in table orders. Id - 11
21:16:59.758 [http-nio-8080-exec-10] INFO  - User (9 userId) made new recording (11 orderId).
21:17:20.489 [http-nio-8080-exec-3] INFO  - User 9 logged out
21:17:33.648 [http-nio-8080-exec-5] INFO  - User 1 logged in
21:17:35.774 [http-nio-8080-exec-7] INFO  - Admin (1 userId) received data
21:19:50.836 [http-nio-8080-exec-3] INFO  - User 1 logged in
21:19:52.680 [http-nio-8080-exec-5] INFO  - Admin (1 userId) received data
21:21:53.757 [http-nio-8080-exec-6] INFO  - User 1 logged in
21:21:58.445 [http-nio-8080-exec-8] INFO  - Admin (1 userId) received data
21:25:33.340 [http-nio-8080-exec-4] INFO  - User 1 logged in
21:25:35.302 [http-nio-8080-exec-6] INFO  - Admin (1 userId) received data
21:27:22.980 [http-nio-8080-exec-5] INFO  - User 1 logged in
21:27:25.825 [http-nio-8080-exec-9] INFO  - Admin (1 userId) received data
21:28:08.232 [http-nio-8080-exec-2] INFO  - Delete data in table orders. Id - 6
21:28:08.232 [http-nio-8080-exec-2] INFO  - Admin 1 deleted 6 order.
21:28:08.481 [http-nio-8080-exec-2] INFO  - Admin (1 userId) received data
21:28:16.259 [http-nio-8080-exec-4] INFO  - Delete data in table orders. Id - 2
21:28:16.259 [http-nio-8080-exec-4] INFO  - Admin 1 deleted 2 order.
21:28:16.443 [http-nio-8080-exec-4] INFO  - Admin (1 userId) received data
21:28:18.791 [http-nio-8080-exec-6] INFO  - Admin (1 userId) received data
21:28:19.999 [http-nio-8080-exec-8] INFO  - Admin (1 userId) received data
21:28:21.896 [http-nio-8080-exec-10] INFO  - Admin (1 userId) received data
11:14:14.088 [http-nio-8080-exec-7] INFO  - User 1 logged in
11:14:16.424 [http-nio-8080-exec-9] INFO  - Admin (1 userId) received data
11:14:51.888 [http-nio-8080-exec-10] INFO  - Delete data in table orders. Id - 10
11:14:51.889 [http-nio-8080-exec-10] INFO  - Admin 1 deleted 10 order.
11:14:52.024 [http-nio-8080-exec-4] INFO  - Delete data in table orders. Id - 10
11:14:52.025 [http-nio-8080-exec-4] INFO  - Admin 1 deleted 10 order.
11:14:52.295 [http-nio-8080-exec-10] INFO  - Admin (1 userId) received data
11:16:23.453 [http-nio-8080-exec-5] INFO  - Admin (1 userId) received data
11:16:29.301 [http-nio-8080-exec-9] INFO  - Admin (1 userId) received data
11:16:47.382 [http-nio-8080-exec-4] INFO  - Delete data in table orders. Id - 5
11:16:47.383 [http-nio-8080-exec-4] INFO  - Admin 1 deleted 5 order.
11:16:47.532 [http-nio-8080-exec-4] INFO  - Admin (1 userId) received data
11:17:03.582 [http-nio-8080-exec-7] INFO  - Delete data in table orders. Id - 4
11:17:03.583 [http-nio-8080-exec-7] INFO  - Admin 1 deleted 4 order.
11:17:03.713 [http-nio-8080-exec-7] INFO  - Admin (1 userId) received data
11:17:05.379 [http-nio-8080-exec-2] INFO  - Delete data in table orders. Id - 3
11:17:05.380 [http-nio-8080-exec-2] INFO  - Admin 1 deleted 3 order.
11:17:05.499 [http-nio-8080-exec-2] INFO  - Admin (1 userId) received data
11:17:06.910 [http-nio-8080-exec-4] INFO  - Delete data in table orders. Id - 1
11:17:06.911 [http-nio-8080-exec-4] INFO  - Admin 1 deleted 1 order.
11:17:07.006 [http-nio-8080-exec-4] INFO  - Admin (1 userId) received data
11:17:08.974 [http-nio-8080-exec-6] INFO  - Delete data in table orders. Id - 11
11:17:08.974 [http-nio-8080-exec-6] INFO  - Admin 1 deleted 11 order.
11:17:09.054 [http-nio-8080-exec-6] INFO  - Admin (1 userId) received data
11:17:10.163 [http-nio-8080-exec-7] INFO  - Update data in table orders. Id - 7
11:17:10.164 [http-nio-8080-exec-7] INFO  - Admin 1 update 7 order.
11:17:10.250 [http-nio-8080-exec-7] INFO  - Admin (1 userId) received data
11:17:11.260 [http-nio-8080-exec-9] INFO  - Update data in table orders. Id - 7
11:17:11.261 [http-nio-8080-exec-9] INFO  - Admin 1 update 7 order.
11:17:11.346 [http-nio-8080-exec-9] INFO  - Admin (1 userId) received data
11:17:13.584 [http-nio-8080-exec-2] INFO  - Update data in table orders. Id - 7
11:17:13.584 [http-nio-8080-exec-2] INFO  - Admin 1 update 7 order.
11:17:13.655 [http-nio-8080-exec-2] INFO  - Admin (1 userId) received data
11:25:06.806 [http-nio-8080-exec-7] INFO  - Admin (1 userId) received data
11:38:07.626 [http-nio-8080-exec-1] INFO  - Admin (1 userId) received data
11:38:34.226 [http-nio-8080-exec-1] INFO  - User 1 logged in
11:38:35.914 [http-nio-8080-exec-2] INFO  - Admin (1 userId) received data
11:38:38.174 [http-nio-8080-exec-4] INFO  - Admin (1 userId) received data
11:38:39.637 [http-nio-8080-exec-7] INFO  - Admin (1 userId) received data
11:38:42.911 [http-nio-8080-exec-9] INFO  - Admin (1 userId) received data
11:38:44.159 [http-nio-8080-exec-1] INFO  - Admin (1 userId) received data
11:39:42.357 [http-nio-8080-exec-5] INFO  - Delete data in table orders. Id - 1
11:39:42.358 [http-nio-8080-exec-5] INFO  - Admin 1 deleted 1 order.
11:39:42.487 [http-nio-8080-exec-5] INFO  - Admin (1 userId) received data
11:50:04.583 [http-nio-8080-exec-4] INFO  - User 1 logged in
11:50:10.956 [http-nio-8080-exec-3] INFO  - Admin (1 userId) received data
12:04:46.547 [http-nio-8080-exec-10] INFO  - Update data in table orders. Id - 2
12:04:48.501 [http-nio-8080-exec-10] INFO  - Admin 1 update 2 order.
12:04:57.506 [http-nio-8080-exec-10] INFO  - Admin (1 userId) received data
12:05:53.579 [http-nio-8080-exec-4] INFO  - Update data in table orders. Id - 2
12:05:53.579 [http-nio-8080-exec-4] INFO  - Admin 1 update 2 order.
12:05:53.893 [http-nio-8080-exec-4] INFO  - Admin (1 userId) received data
12:09:59.254 [http-nio-8080-exec-2] INFO  - User 1 logged in
12:10:01.347 [http-nio-8080-exec-5] INFO  - Admin (1 userId) received data
12:10:06.116 [http-nio-8080-exec-7] INFO  - Admin (1 userId) received data
12:10:07.741 [http-nio-8080-exec-9] INFO  - Admin (1 userId) received data
12:10:26.277 [http-nio-8080-exec-2] INFO  - Delete data in table orders. Id - 1
12:10:26.278 [http-nio-8080-exec-2] INFO  - Admin 1 deleted 1 order.
12:10:26.461 [http-nio-8080-exec-2] INFO  - Admin (1 userId) received data
12:11:38.398 [http-nio-8080-exec-3] INFO  - User 1 logged in
12:11:44.916 [http-nio-8080-exec-5] INFO  - Admin (1 userId) received data
12:13:57.282 [http-nio-8080-exec-9] INFO  - Delete data in table orders. Id - 1
12:13:57.832 [http-nio-8080-exec-9] INFO  - Admin 1 deleted 1 order.
12:14:04.601 [http-nio-8080-exec-9] INFO  - Admin (1 userId) received data
12:15:40.899 [http-nio-8080-exec-3] INFO  - Delete data in table orders. Id - 2
12:15:40.900 [http-nio-8080-exec-3] INFO  - Admin 1 deleted 2 order.
12:15:41.184 [http-nio-8080-exec-3] INFO  - Admin (1 userId) received data
12:29:17.984 [http-nio-8080-exec-8] INFO  - Delete data in table orders. Id - 4
12:29:17.985 [http-nio-8080-exec-8] INFO  - Admin 1 deleted 4 order.
12:29:18.985 [http-nio-8080-exec-8] INFO  - Admin (1 userId) received data
12:29:42.169 [http-nio-8080-exec-1] INFO  - Update data in table orders. Id - 3
12:29:42.170 [http-nio-8080-exec-1] INFO  - Admin 1 update 3 order.
12:29:42.314 [http-nio-8080-exec-1] INFO  - Admin (1 userId) received data
12:30:02.839 [http-nio-8080-exec-3] INFO  - Admin (1 userId) received data
12:32:42.797 [http-nio-8080-exec-10] INFO  - Update data in table orders. Id - 3
12:32:43.336 [http-nio-8080-exec-10] INFO  - Admin 1 update 3 order.
12:32:44.340 [http-nio-8080-exec-10] INFO  - Admin (1 userId) received data
12:33:14.816 [http-nio-8080-exec-1] INFO  - Update data in table orders. Id - 3
12:33:14.820 [http-nio-8080-exec-1] INFO  - Admin 1 update 3 order.
12:33:15.389 [http-nio-8080-exec-1] INFO  - Admin (1 userId) received data
12:33:26.504 [http-nio-8080-exec-3] INFO  - Admin (1 userId) received data
12:33:34.050 [http-nio-8080-exec-7] INFO  - Admin (1 userId) received data
12:46:46.440 [http-nio-8080-exec-4] INFO  - User 1 logged in
12:46:51.890 [http-nio-8080-exec-6] INFO  - Admin (1 userId) received data
12:47:52.197 [http-nio-8080-exec-1] INFO  - Admin (1 userId) received data
12:48:15.002 [http-nio-8080-exec-4] INFO  - Admin (1 userId) received data
12:49:06.898 [http-nio-8080-exec-9] INFO  - Admin (1 userId) received data
12:49:34.547 [http-nio-8080-exec-1] INFO  - Delete data in table orders. Id - 3
12:49:34.555 [http-nio-8080-exec-1] INFO  - Admin 1 deleted 3 order.
12:49:35.359 [http-nio-8080-exec-1] INFO  - Admin (1 userId) received data
13:11:32.872 [http-nio-8080-exec-2] INFO  - User 1 logged in
13:11:34.418 [http-nio-8080-exec-4] INFO  - Admin (1 userId) received data
13:13:47.978 [http-nio-8080-exec-9] INFO  - Delete data in table orders. Id - 6
13:13:47.980 [http-nio-8080-exec-9] INFO  - Admin 1 deleted 6 order.
13:13:48.134 [http-nio-8080-exec-9] INFO  - Admin (1 userId) received data
13:13:49.841 [http-nio-8080-exec-1] INFO  - Delete data in table orders. Id - 5
13:13:49.842 [http-nio-8080-exec-1] INFO  - Admin 1 deleted 5 order.
13:13:49.965 [http-nio-8080-exec-1] INFO  - Admin (1 userId) received data
13:13:50.850 [http-nio-8080-exec-3] INFO  - Delete data in table orders. Id - 7
13:13:50.850 [http-nio-8080-exec-3] INFO  - Admin 1 deleted 7 order.
13:13:50.917 [http-nio-8080-exec-3] INFO  - Admin (1 userId) received data
13:15:23.162 [http-nio-8080-exec-8] INFO  - Admin (1 userId) received data
13:15:31.987 [http-nio-8080-exec-9] INFO  - Admin (1 userId) received data
13:15:35.162 [http-nio-8080-exec-1] INFO  - Admin (1 userId) received data
13:17:33.524 [http-nio-8080-exec-4] INFO  - Admin (1 userId) received data
13:17:35.200 [http-nio-8080-exec-7] INFO  - Admin (1 userId) received data
13:17:39.738 [http-nio-8080-exec-6] INFO  - Update data in table orders. Id - 1
13:17:39.738 [http-nio-8080-exec-6] INFO  - Admin 1 update 1 order.
13:17:39.893 [http-nio-8080-exec-6] INFO  - Admin (1 userId) received data
13:17:42.645 [http-nio-8080-exec-10] INFO  - Update data in table orders. Id - 1
13:17:42.646 [http-nio-8080-exec-10] INFO  - Admin 1 update 1 order.
13:17:42.816 [http-nio-8080-exec-10] INFO  - Admin (1 userId) received data
13:17:55.335 [http-nio-8080-exec-3] INFO  - Update data in table orders. Id - 3
13:17:55.335 [http-nio-8080-exec-3] INFO  - Admin 1 update 3 order.
13:17:55.474 [http-nio-8080-exec-3] INFO  - Admin (1 userId) received data
13:18:05.667 [http-nio-8080-exec-5] INFO  - Admin (1 userId) received data
13:18:24.124 [http-nio-8080-exec-6] INFO  - Update data in table orders. Id - 3
13:18:24.125 [http-nio-8080-exec-6] INFO  - Admin 1 update 3 order.
13:18:24.191 [http-nio-8080-exec-6] INFO  - Admin (1 userId) received data
13:18:34.376 [http-nio-8080-exec-10] INFO  - Delete data in table orders. Id - 3
13:18:34.376 [http-nio-8080-exec-10] INFO  - Admin 1 deleted 3 order.
13:18:34.473 [http-nio-8080-exec-10] INFO  - Admin (1 userId) received data
13:23:10.044 [http-nio-8080-exec-9] INFO  - User 1 logged in
13:23:15.844 [http-nio-8080-exec-3] INFO  - User 1 logged out
13:23:22.444 [http-nio-8080-exec-5] INFO  - User 9 logged in
13:23:30.123 [http-nio-8080-exec-9] INFO  - User 9 logged out
13:23:35.905 [http-nio-8080-exec-1] INFO  - User 2 logged in
13:23:38.351 [http-nio-8080-exec-3] INFO  - Master (2 userId) received data
13:23:51.753 [http-nio-8080-exec-5] INFO  - Update data in table orders. Id - 6
13:23:51.754 [http-nio-8080-exec-5] INFO  - Admin (2 userId) update 6 order.
13:23:51.967 [http-nio-8080-exec-5] INFO  - Master (2 userId) received data
13:23:55.336 [http-nio-8080-exec-7] INFO  - Update data in table orders. Id - 4
13:23:55.336 [http-nio-8080-exec-7] INFO  - Admin (2 userId) update 4 order.
13:23:55.517 [http-nio-8080-exec-7] INFO  - Master (2 userId) received data
13:23:58.734 [http-nio-8080-exec-9] INFO  - Master (2 userId) received data
13:24:00.101 [http-nio-8080-exec-1] INFO  - Master (2 userId) received data
13:24:01.897 [http-nio-8080-exec-3] INFO  - User 2 logged out
13:24:06.940 [http-nio-8080-exec-5] INFO  - User 9 logged in
13:24:27.274 [http-nio-8080-exec-9] INFO  - Insert new data in table comment. Id - 2
13:24:27.274 [http-nio-8080-exec-9] INFO  - User 9 left a comment 4 order.
13:24:34.576 [http-nio-8080-exec-1] INFO  - Insert new data in table comment. Id - 3
13:24:34.577 [http-nio-8080-exec-1] INFO  - User 9 left a comment 6 order.
13:25:16.733 [http-nio-8080-exec-2] INFO  - Update data in table user. Id - 9
13:25:16.734 [http-nio-8080-exec-2] INFO  - User (9 userId) update own profile.
13:26:33.737 [http-nio-8080-exec-8] INFO  - Insert new data in table orders. Id - 8
13:26:33.738 [http-nio-8080-exec-8] INFO  - User (9 userId) made new recording (8 orderId).
13:27:04.601 [http-nio-8080-exec-8] INFO  - User 9 logged out
13:27:09.959 [http-nio-8080-exec-10] INFO  - User 2 logged in
13:52:00.421 [http-nio-8080-exec-7] INFO  - Update data in table master. Id - 1
13:52:00.518 [http-nio-8080-exec-7] INFO  - Update data in table user. Id - 2
13:52:00.519 [http-nio-8080-exec-7] INFO  - User (2 userId) update own profile.
13:58:55.923 [http-nio-8080-exec-8] INFO  - User 1 logged in
13:58:57.748 [http-nio-8080-exec-10] INFO  - Admin (1 userId) received data
13:59:11.123 [http-nio-8080-exec-2] INFO  - Admin (1 userId) received data
14:04:10.750 [http-nio-8080-exec-5] INFO  - Admin (1 userId) received data
14:05:02.468 [http-nio-8080-exec-8] INFO  - Admin (1 userId) received data
14:05:04.613 [http-nio-8080-exec-10] INFO  - Admin (1 userId) received data
14:08:43.073 [http-nio-8080-exec-5] INFO  - Admin (1 userId) received data
14:08:46.190 [http-nio-8080-exec-7] INFO  - Admin (1 userId) received data
15:06:39.904 [main] INFO  - Insert new data in table comment. Id - 3
15:06:40.112 [main] INFO  - Delete data in table comment. Id - 3
15:07:55.616 [main] INFO  - Update data in table master. Id - 1
15:09:04.417 [main] INFO  - Insert new data in table comment. Id - 4
15:09:04.493 [main] INFO  - Delete data in table comment. Id - 4
15:10:25.644 [main] INFO  - Insert new data in table comment. Id - 5
15:10:25.747 [main] INFO  - Delete data in table comment. Id - 5
15:10:26.037 [main] INFO  - Update data in table master. Id - 1
15:13:18.363 [main] INFO  - Insert new data in table comment. Id - 6
15:13:18.497 [main] INFO  - Delete data in table comment. Id - 6
15:13:18.692 [main] INFO  - Update data in table master. Id - 1
